<?xml version="1.0" encoding="UTF-8" ?>
<testsuite errors="0" failures="0" hostname="sriki-laptop" name="org.easymock.tests.ReplayStateInvalidUsageTest" tests="86" time="0.161" timestamp="2009-07-28T06:20:12">
  <properties>
    <property name="java.vendor" value="Sun Microsystems Inc." />
    <property name="sun.java.launcher" value="SUN_STANDARD" />
    <property name="EM_DEV" value="/media/work/eclipse_workspace/easymock23onjdk14" />
    <property name="sun.management.compiler" value="HotSpot Tiered Compilers" />
    <property name="EM_BUILD" value="/media/work/eclipse_workspace/easymock23onjdk14/build" />
    <property name="os.name" value="Linux" />
    <property name="sun.boot.class.path" value="/usr/lib/jvm/java-6-sun-1.6.0.14/jre/lib/resources.jar:/usr/lib/jvm/java-6-sun-1.6.0.14/jre/lib/rt.jar:/usr/lib/jvm/java-6-sun-1.6.0.14/jre/lib/sunrsasign.jar:/usr/lib/jvm/java-6-sun-1.6.0.14/jre/lib/jsse.jar:/usr/lib/jvm/java-6-sun-1.6.0.14/jre/lib/jce.jar:/usr/lib/jvm/java-6-sun-1.6.0.14/jre/lib/charsets.jar:/usr/lib/jvm/java-6-sun-1.6.0.14/jre/classes" />
    <property name="EM_SRC_JAR_NAME" value="easymock23_jdk14_src.jar" />
    <property name="sun.desktop" value="gnome" />
    <property name="java.vm.specification.vendor" value="Sun Microsystems Inc." />
    <property name="ant.home" value="/media/software/ant" />
    <property name="java.runtime.version" value="1.6.0_14-b08" />
    <property name="user.name" value="sriki" />
    <property name="EM_LIB" value="/media/work/eclipse_workspace/easymock23onjdk14/lib" />
    <property name="user.language" value="en" />
    <property name="sun.boot.library.path" value="/usr/lib/jvm/java-6-sun-1.6.0.14/jre/lib/i386" />
    <property name="ant.project.name" value="THBS Service Modeler" />
    <property name="ant.file.THBS Service Modeler" value="/media/work/eclipse_workspace/easymock23onjdk14/build.xml" />
    <property name="java.version" value="1.6.0_14" />
    <property name="user.timezone" value="" />
    <property name="EM_CLS_JAR_NAME" value="easymock23_jdk14.jar" />
    <property name="sun.arch.data.model" value="32" />
    <property name="java.endorsed.dirs" value="/usr/lib/jvm/java-6-sun-1.6.0.14/jre/lib/endorsed" />
    <property name="sun.cpu.isalist" value="" />
    <property name="sun.jnu.encoding" value="UTF-8" />
    <property name="file.encoding.pkg" value="sun.io" />
    <property name="file.separator" value="/" />
    <property name="java.specification.name" value="Java Platform API Specification" />
    <property name="java.class.version" value="50.0" />
    <property name="user.country" value="IN" />
    <property name="java.home" value="/usr/lib/jvm/java-6-sun-1.6.0.14/jre" />
    <property name="java.vm.info" value="mixed mode" />
    <property name="ant.file" value="/media/work/eclipse_workspace/easymock23onjdk14/build.xml" />
    <property name="os.version" value="2.6.28-14-generic" />
    <property name="path.separator" value=":" />
    <property name="java.vm.version" value="14.0-b16" />
    <property name="ant.library.dir" value="/media/software/ant/lib" />
    <property name="java.awt.printerjob" value="sun.print.PSPrinterJob" />
    <property name="JAVA_HOME" value="/home/sriki/software/ibmjdk14" />
    <property name="sun.io.unicode.encoding" value="UnicodeLittle" />
    <property name="EM_SRC" value="/media/work/eclipse_workspace/easymock23onjdk14/src" />
    <property name="user.home" value="/home/sriki" />
    <property name="java.specification.vendor" value="Sun Microsystems Inc." />
    <property name="java.library.path" value="/usr/lib/jvm/java-6-sun-1.6.0.14/jre/lib/i386/server:/usr/lib/jvm/java-6-sun-1.6.0.14/jre/lib/i386:/usr/lib/jvm/java-6-sun-1.6.0.14/jre/../lib/i386:/usr/local/cuda/lib::/usr/java/packages/lib/i386:/lib:/usr/lib" />
    <property name="java.vendor.url" value="http://java.sun.com/" />
    <property name="java.vm.vendor" value="Sun Microsystems Inc." />
    <property name="java.runtime.name" value="Java(TM) SE Runtime Environment" />
    <property name="java.class.path" value="/media/work/eclipse_workspace/easymock23onjdk14/classes:/media/work/eclipse_workspace/easymock23onjdk14/test:/media/work/eclipse_workspace/easymock23onjdk14/lib/junit-3.8.2.jar:/media/software/ant/lib/ant-launcher.jar:/media/software/ant/lib/ant.jar:/media/software/ant/lib/ant-junit.jar" />
    <property name="ant.version" value="Apache Ant version 1.7.0 compiled on December 13 2006" />
    <property name="java.vm.specification.name" value="Java Virtual Machine Specification" />
    <property name="java.vm.specification.version" value="1.0" />
    <property name="sun.cpu.endian" value="little" />
    <property name="sun.os.patch.level" value="unknown" />
    <property name="java.io.tmpdir" value="/tmp" />
    <property name="java.vendor.url.bug" value="http://java.sun.com/cgi-bin/bugreport.cgi" />
    <property name="EM_TEST_REPORT" value="/media/work/eclipse_workspace/easymock23onjdk14/build/testreport" />
    <property name="os.arch" value="i386" />
    <property name="java.awt.graphicsenv" value="sun.awt.X11GraphicsEnvironment" />
    <property name="EM_DOCS" value="/media/work/eclipse_workspace/easymock23onjdk14/docs" />
    <property name="java.ext.dirs" value="/usr/lib/jvm/java-6-sun-1.6.0.14/jre/lib/ext:/usr/java/packages/lib/ext" />
    <property name="user.dir" value="/media/work/eclipse_workspace/easymock23onjdk14" />
    <property name="line.separator" value="
" />
    <property name="java.vm.name" value="Java HotSpot(TM) Server VM" />
    <property name="basedir" value="/media/work/eclipse_workspace/easymock23onjdk14" />
    <property name="ant.java.version" value="1.6" />
    <property name="ant.core.lib" value="/media/software/ant/lib/ant.jar" />
    <property name="file.encoding" value="UTF-8" />
    <property name="EM_API_ZIP_NAME" value="easymock23_jdk14_api.zip" />
    <property name="EM_TEST" value="/media/work/eclipse_workspace/easymock23onjdk14/test" />
    <property name="EM_CLS" value="/media/work/eclipse_workspace/easymock23onjdk14/classes" />
    <property name="java.specification.version" value="1.6" />
    <property name="EM_API_DOCS" value="/media/work/eclipse_workspace/easymock23onjdk14/docs/api" />
  </properties>
  <testcase classname="org.easymock.tests.ReplayStateInvalidUsageTest" name="testExpectAndThrowObjectWithMinMax" time="0.044" />
  <testcase classname="org.easymock.tests.ReplayStateInvalidUsageTest" name="testExpectAndThrowDoubleWithMinMax" time="0.0" />
  <testcase classname="org.easymock.tests.ReplayStateInvalidUsageTest" name="testExpectAndThrowFloatWithMinMax" time="0.0" />
  <testcase classname="org.easymock.tests.ReplayStateInvalidUsageTest" name="testExpectAndThrowLongWithMinMax" time="0.0010" />
  <testcase classname="org.easymock.tests.ReplayStateInvalidUsageTest" name="testExpectAndThrowBooleanWithMinMax" time="0.0010" />
  <testcase classname="org.easymock.tests.ReplayStateInvalidUsageTest" name="testExpectAndThrowObjectWithCount" time="0.0" />
  <testcase classname="org.easymock.tests.ReplayStateInvalidUsageTest" name="testExpectAndThrowDoubleWithCount" time="0.0010" />
  <testcase classname="org.easymock.tests.ReplayStateInvalidUsageTest" name="testExpectAndThrowFloatWithCount" time="0.0" />
  <testcase classname="org.easymock.tests.ReplayStateInvalidUsageTest" name="testExpectAndThrowLongWithCount" time="0.0010" />
  <testcase classname="org.easymock.tests.ReplayStateInvalidUsageTest" name="testExpectAndThrowBooleanWithCount" time="0.0" />
  <testcase classname="org.easymock.tests.ReplayStateInvalidUsageTest" name="testExpectAndThrowObjectWithRange" time="0.0010" />
  <testcase classname="org.easymock.tests.ReplayStateInvalidUsageTest" name="testExpectAndThrowDoubleWithRange" time="0.0" />
  <testcase classname="org.easymock.tests.ReplayStateInvalidUsageTest" name="testExpectAndThrowFloatWithRange" time="0.0010" />
  <testcase classname="org.easymock.tests.ReplayStateInvalidUsageTest" name="testExpectAndThrowLongWithRange" time="0.0" />
  <testcase classname="org.easymock.tests.ReplayStateInvalidUsageTest" name="testExpectAndThrowBooleanWithRange" time="0.0" />
  <testcase classname="org.easymock.tests.ReplayStateInvalidUsageTest" name="testExpectAndThrowObject" time="0.0010" />
  <testcase classname="org.easymock.tests.ReplayStateInvalidUsageTest" name="testExpectAndThrowDouble" time="0.0" />
  <testcase classname="org.easymock.tests.ReplayStateInvalidUsageTest" name="testExpectAndThrowFloat" time="0.0010" />
  <testcase classname="org.easymock.tests.ReplayStateInvalidUsageTest" name="testExpectAndThrowLong" time="0.0" />
  <testcase classname="org.easymock.tests.ReplayStateInvalidUsageTest" name="testExpectAndThrowBoolean" time="0.0010" />
  <testcase classname="org.easymock.tests.ReplayStateInvalidUsageTest" name="testExpectAndReturnObjectWithMinMax" time="0.0" />
  <testcase classname="org.easymock.tests.ReplayStateInvalidUsageTest" name="testExpectAndReturnDoubleWithMinMax" time="0.0010" />
  <testcase classname="org.easymock.tests.ReplayStateInvalidUsageTest" name="testExpectAndReturnFloatWithMinMax" time="0.0" />
  <testcase classname="org.easymock.tests.ReplayStateInvalidUsageTest" name="testExpectAndReturnLongWithMinMax" time="0.0010" />
  <testcase classname="org.easymock.tests.ReplayStateInvalidUsageTest" name="testExpectAndReturnBooleanWithMinMax" time="0.0" />
  <testcase classname="org.easymock.tests.ReplayStateInvalidUsageTest" name="testExpectAndReturnObjectWithCount" time="0.0" />
  <testcase classname="org.easymock.tests.ReplayStateInvalidUsageTest" name="testExpectAndReturnDoubleWithCount" time="0.0" />
  <testcase classname="org.easymock.tests.ReplayStateInvalidUsageTest" name="testExpectAndReturnFloatWithCount" time="0.0" />
  <testcase classname="org.easymock.tests.ReplayStateInvalidUsageTest" name="testExpectAndReturnLongWithCount" time="0.0" />
  <testcase classname="org.easymock.tests.ReplayStateInvalidUsageTest" name="testExpectAndReturnBooleanWithCount" time="0.0" />
  <testcase classname="org.easymock.tests.ReplayStateInvalidUsageTest" name="testExpectAndReturnObjectWithRange" time="0.0" />
  <testcase classname="org.easymock.tests.ReplayStateInvalidUsageTest" name="testExpectAndReturnDoubleWithRange" time="0.0" />
  <testcase classname="org.easymock.tests.ReplayStateInvalidUsageTest" name="testExpectAndReturnFloatWithRange" time="0.0" />
  <testcase classname="org.easymock.tests.ReplayStateInvalidUsageTest" name="testExpectAndReturnLongWithRange" time="0.0" />
  <testcase classname="org.easymock.tests.ReplayStateInvalidUsageTest" name="testExpectAndReturnBooleanWithRange" time="0.0" />
  <testcase classname="org.easymock.tests.ReplayStateInvalidUsageTest" name="testExpectAndReturnObject" time="0.0" />
  <testcase classname="org.easymock.tests.ReplayStateInvalidUsageTest" name="testExpectAndReturnDouble" time="0.0" />
  <testcase classname="org.easymock.tests.ReplayStateInvalidUsageTest" name="testExpectAndReturnFloat" time="0.0010" />
  <testcase classname="org.easymock.tests.ReplayStateInvalidUsageTest" name="testExpectAndReturnLong" time="0.0" />
  <testcase classname="org.easymock.tests.ReplayStateInvalidUsageTest" name="testExpectAndReturnBoolean" time="0.0010" />
  <testcase classname="org.easymock.tests.ReplayStateInvalidUsageTest" name="testSetDefaultMatcher" time="0.0" />
  <testcase classname="org.easymock.tests.ReplayStateInvalidUsageTest" name="testSetReturnValueObjectWithMinMax" time="0.0" />
  <testcase classname="org.easymock.tests.ReplayStateInvalidUsageTest" name="testSetReturnValueDoubleWithMinMax" time="0.0" />
  <testcase classname="org.easymock.tests.ReplayStateInvalidUsageTest" name="testSetReturnValueFloatWithMinMax" time="0.0010" />
  <testcase classname="org.easymock.tests.ReplayStateInvalidUsageTest" name="testSetReturnValueLongWithMinMax" time="0.0" />
  <testcase classname="org.easymock.tests.ReplayStateInvalidUsageTest" name="testSetReturnValueBooleanWithMinMax" time="0.0010" />
  <testcase classname="org.easymock.tests.ReplayStateInvalidUsageTest" name="testSetThrowableWithMinMax" time="0.0" />
  <testcase classname="org.easymock.tests.ReplayStateInvalidUsageTest" name="testSetVoidCallableWithMinMax" time="0.0010" />
  <testcase classname="org.easymock.tests.ReplayStateInvalidUsageTest" name="testSetMatcher" time="0.0" />
  <testcase classname="org.easymock.tests.ReplayStateInvalidUsageTest" name="testSetDefaultReturnValueObject" time="0.0010" />
  <testcase classname="org.easymock.tests.ReplayStateInvalidUsageTest" name="testSetDefaultReturnValueDouble" time="0.0" />
  <testcase classname="org.easymock.tests.ReplayStateInvalidUsageTest" name="testSetDefaultReturnValueFloat" time="0.0010" />
  <testcase classname="org.easymock.tests.ReplayStateInvalidUsageTest" name="testSetDefaultReturnValueLong" time="0.0" />
  <testcase classname="org.easymock.tests.ReplayStateInvalidUsageTest" name="testSetDefaultReturnValueBoolean" time="0.0010" />
  <testcase classname="org.easymock.tests.ReplayStateInvalidUsageTest" name="testSetDefaultThrowable" time="0.0" />
  <testcase classname="org.easymock.tests.ReplayStateInvalidUsageTest" name="testSetDefaultVoidCallable" time="0.0010" />
  <testcase classname="org.easymock.tests.ReplayStateInvalidUsageTest" name="testSetReturnValueObjectWithRange" time="0.0" />
  <testcase classname="org.easymock.tests.ReplayStateInvalidUsageTest" name="testSetReturnValueLongWithRange" time="0.0010" />
  <testcase classname="org.easymock.tests.ReplayStateInvalidUsageTest" name="testSetReturnValueFloatWithRange" time="0.0" />
  <testcase classname="org.easymock.tests.ReplayStateInvalidUsageTest" name="testSetReturnValueDoubleWithRange" time="0.0010" />
  <testcase classname="org.easymock.tests.ReplayStateInvalidUsageTest" name="testSetReturnValueBooleanWithRange" time="0.0" />
  <testcase classname="org.easymock.tests.ReplayStateInvalidUsageTest" name="testSetThrowableWithRange" time="0.0010" />
  <testcase classname="org.easymock.tests.ReplayStateInvalidUsageTest" name="testSetVoidCallableWithRange" time="0.0" />
  <testcase classname="org.easymock.tests.ReplayStateInvalidUsageTest" name="testSetReturnValueObjectWithCount" time="0.0" />
  <testcase classname="org.easymock.tests.ReplayStateInvalidUsageTest" name="testSetReturnValueLongWithCount" time="0.0" />
  <testcase classname="org.easymock.tests.ReplayStateInvalidUsageTest" name="testSetReturnValueFloatWithCount" time="0.0" />
  <testcase classname="org.easymock.tests.ReplayStateInvalidUsageTest" name="testSetReturnValueDoubleWithCount" time="0.0" />
  <testcase classname="org.easymock.tests.ReplayStateInvalidUsageTest" name="testSetReturnValueBooleanWithCount" time="0.0" />
  <testcase classname="org.easymock.tests.ReplayStateInvalidUsageTest" name="testSetThrowableWithCount" time="0.0010" />
  <testcase classname="org.easymock.tests.ReplayStateInvalidUsageTest" name="testSetVoidCallableWithCount" time="0.0" />
  <testcase classname="org.easymock.tests.ReplayStateInvalidUsageTest" name="testSetReturnValueObject" time="0.0010" />
  <testcase classname="org.easymock.tests.ReplayStateInvalidUsageTest" name="testSetReturnValueDouble" time="0.0" />
  <testcase classname="org.easymock.tests.ReplayStateInvalidUsageTest" name="testSetReturnValueFloat" time="0.0010" />
  <testcase classname="org.easymock.tests.ReplayStateInvalidUsageTest" name="testSetReturnValueLong" time="0.0010" />
  <testcase classname="org.easymock.tests.ReplayStateInvalidUsageTest" name="testSetReturnValueBoolean" time="0.0" />
  <testcase classname="org.easymock.tests.ReplayStateInvalidUsageTest" name="testSetThrowable" time="0.0010" />
  <testcase classname="org.easymock.tests.ReplayStateInvalidUsageTest" name="testSetVoidCallable" time="0.0" />
  <testcase classname="org.easymock.tests.ReplayStateInvalidUsageTest" name="testReplay" time="0.0010" />
  <testcase classname="org.easymock.tests.ReplayStateInvalidUsageTest" name="testCreateMock" time="0.0" />
  <testcase classname="org.easymock.tests.ReplayStateInvalidUsageTest" name="testCreateMockWithName" time="0.0010" />
  <testcase classname="org.easymock.tests.ReplayStateInvalidUsageTest" name="testCheckOrder" time="0.0" />
  <testcase classname="org.easymock.tests.ReplayStateInvalidUsageTest" name="testAndStubReturn" time="0.0010" />
  <testcase classname="org.easymock.tests.ReplayStateInvalidUsageTest" name="testAndStubThrow" time="0.0" />
  <testcase classname="org.easymock.tests.ReplayStateInvalidUsageTest" name="testAsStub" time="0.0010" />
  <testcase classname="org.easymock.tests.ReplayStateInvalidUsageTest" name="testTimes" time="0.0" />
  <testcase classname="org.easymock.tests.ReplayStateInvalidUsageTest" name="testAnyTimess" time="0.0010" />
  <system-out><![CDATA[]]></system-out>
  <system-err><![CDATA[]]></system-err>
</testsuite>
